============================= test session starts ==============================
platform linux -- Python 3.12.0, pytest-8.0.0, pluggy-1.5.0
rootdir: /tmp/sample
collected 1 item

src/test_sample.py F                                                     [100%]

=================================== FAILURES ===================================
_______________________________ test_answer __________________________________

    def test_answer():
>       assert inc(3) == 5
E       AssertionError: assert 4 == 5
E        +  where 4 = inc(3)

src/test_sample.py:4: AssertionError

============================== 1 failed in 0.01s ===============================
